This is LuaHBTeX, Version 1.15.0 (TeX Live 2022)  (format=lualatex 2022.6.5)  5 JUN 2022 15:58
 restricted system commands enabled.
**mai-joel_maximilian-curriculum_vitae.tex
(./mai-joel_maximilian-curriculum_vitae.tex
LaTeX2e <2021-11-15> patch level 1
Lua module: luaotfload 2022-03-18 3.21 Lua based OpenType font support
Lua module: lualibs 2021-05-20 2.74 ConTeXt Lua standard libraries.
Lua module: lualibs-extended 2021-05-20 2.74 ConTeXt Lua libraries -- extended collection.
luaotfload | conf : Root cache directory is "/root/.TinyTeX/texmf-var/luatex-cache/generic/names".
luaotfload | init : Loading fontloader "fontloader-2022-02-24.lua" from kpse-resolved path "/root/.TinyTeX/texmf-dist/tex/luatex/luaotfload/fontloader-2022-02-24.lua".
Lua-only attribute luaotfload@noligature = 1
luaotfload | init : Context OpenType loader version 3.119
Inserting `luaotfload.node_processor' at position 1 in `pre_linebreak_filter'.
Inserting `luaotfload.node_processor' at position 1 in `hpack_filter'.
Inserting `luaotfload.glyph_stream' at position 1 in `glyph_stream_provider'.
Inserting `luaotfload.define_font' at position 1 in `define_font'.
Lua-only attribute luaotfload_color_attribute = 2
luaotfload | conf : Root cache directory is "/root/.TinyTeX/texmf-var/luatex-cache/generic/names".
Inserting `luaotfload.harf.strip_prefix' at position 1 in `find_opentype_file'.
Inserting `luaotfload.harf.strip_prefix' at position 1 in `find_truetype_file'.
Removing  `luaotfload.glyph_stream' from `glyph_stream_provider'.
Inserting `luaotfload.harf.glyphstream' at position 1 in `glyph_stream_provider'.
Inserting `luaotfload.harf.finalize_vlist' at position 1 in `post_linebreak_filter'.
Inserting `luaotfload.harf.finalize_hlist' at position 2 in `hpack_filter'.
Inserting `luaotfload.cleanup_files' at position 1 in `wrapup_run'.
Inserting `luaotfload.harf.finalize_unicode' at position 1 in `finish_pdffile'.
Inserting `luaotfload.glyphinfo' at position 1 in `glyph_info'.
Lua-only attribute luaotfload.letterspace_done = 3
Inserting `luaotfload.aux.set_sscale_dimens' at position 1 in `luaotfload.patch_font'.
Inserting `luaotfload.aux.set_font_index' at position 2 in `luaotfload.patch_font'.
Inserting `luaotfload.aux.patch_cambria_domh' at position 3 in `luaotfload.patch_font'.
Inserting `luaotfload.aux.fixup_fontdata' at position 1 in `luaotfload.patch_font_unsafe'.
Inserting `luaotfload.aux.set_capheight' at position 4 in `luaotfload.patch_font'.
Inserting `luaotfload.aux.set_xheight' at position 5 in `luaotfload.patch_font'.
Inserting `luaotfload.rewrite_fontname' at position 6 in `luaotfload.patch_font'. L3 programming layer <2022-06-02>
Inserting `tracingstacklevels' at position 1 in `input_level_string'. (/root/.TinyTeX/texmf-dist/tex/latex/base/article.cls
Document Class: article 2021/10/04 v1.4n Standard LaTeX document class
(/root/.TinyTeX/texmf-dist/tex/latex/base/size10.clo
File: size10.clo 2021/10/04 v1.4n Standard LaTeX file (size option)
luaotfload | db : Font names database not found, generating new one.
luaotfload | db : This can take several minutes; please be patient.)
\c@part=\count183
\c@section=\count184
\c@subsection=\count185
\c@subsubsection=\count186
\c@paragraph=\count187
\c@subparagraph=\count188
\c@figure=\count189
\c@table=\count190
\abovecaptionskip=\skip47
\belowcaptionskip=\skip48
\bibindent=\dimen137
) (/root/.TinyTeX/texmf-dist/tex/latex/base/inputenc.sty
Package: inputenc 2021/02/14 v1.3d Input encoding file
\inpenc@prehook=\toks16
\inpenc@posthook=\toks17


Package inputenc Warning: inputenc package ignored with utf8 based engines.

) (/root/.TinyTeX/texmf-dist/tex/generic/xstring/xstring.sty (/root/.TinyTeX/texmf-dist/tex/generic/xstring/xstring.tex
\integerpart=\count191
\decimalpart=\count192
)
Package: xstring 2021/07/21 v1.84 String manipulations (CT)
) (/root/.TinyTeX/texmf-dist/tex/latex/xifthen/xifthen.sty
Package: xifthen 2015/11/05 v1.4.0 Extended ifthen features
 (/root/.TinyTeX/texmf-dist/tex/latex/tools/calc.sty
Package: calc 2017/05/25 v4.3 Infix arithmetic (KKT,FJ)
\calc@Acount=\count193
\calc@Bcount=\count194
\calc@Adimen=\dimen138
\calc@Bdimen=\dimen139
\calc@Askip=\skip49
\calc@Bskip=\skip50
LaTeX Info: Redefining \setlength on input line 80.
LaTeX Info: Redefining \addtolength on input line 81.
\calc@Ccount=\count195
\calc@Cskip=\skip51
) (/root/.TinyTeX/texmf-dist/tex/latex/base/ifthen.sty
Package: ifthen 2020/11/24 v1.1c Standard LaTeX ifthen package (DPC)
) (/root/.TinyTeX/texmf-dist/tex/latex/ifmtarg/ifmtarg.sty
Package: ifmtarg 2018/04/16 v1.2b check for an empty argument
)) (/root/.TinyTeX/texmf-dist/tex/latex/raleway/raleway.sty
Package: raleway 2016/12/03 v1.4 Matt McInerney’s Raleway family
 (/root/.TinyTeX/texmf-dist/tex/generic/iftex/ifxetex.sty
Package: ifxetex 2019/10/25 v0.7 ifxetex legacy package. Use iftex instead.
 (/root/.TinyTeX/texmf-dist/tex/generic/iftex/iftex.sty
Package: iftex 2022/02/03 v1.0f TeX engine tests
)) (/root/.TinyTeX/texmf-dist/tex/generic/iftex/ifluatex.sty
Package: ifluatex 2019/10/25 v1.5 ifluatex legacy package. Use iftex instead.
) (/root/.TinyTeX/texmf-dist/tex/latex/xkeyval/xkeyval.sty
Package: xkeyval 2020/11/20 v2.8 package option processing (HA)
 (/root/.TinyTeX/texmf-dist/tex/generic/xkeyval/xkeyval.tex (/root/.TinyTeX/texmf-dist/tex/generic/xkeyval/xkvutils.tex
\XKV@toks=\toks18
\XKV@tempa@toks=\toks19
 (/root/.TinyTeX/texmf-dist/tex/generic/xkeyval/keyval.tex))
\XKV@depth=\count196
File: xkeyval.tex 2014/12/03 v2.7a key=value parser (HA)
)) (/root/.TinyTeX/texmf-dist/tex/latex/fontspec/fontspec.sty (/root/.TinyTeX/texmf-dist/tex/latex/l3packages/xparse/xparse.sty (/root/.TinyTeX/texmf-dist/tex/latex/l3kernel/expl3.sty
Package: expl3 2022-06-02 L3 programming layer (loader) 
 (/root/.TinyTeX/texmf-dist/tex/latex/l3backend/l3backend-luatex.def
File: l3backend-luatex.def 2022-04-20 L3 backend support: PDF output (LuaTeX)
\l__color_backend_stack_int=\count197
\l__pdf_internal_box=\box50
))
Package: xparse 2022-05-30 L3 Experimental document command parser
)
Package: fontspec 2022/01/15 v2.8a Font selection for XeLaTeX and LuaLaTeX
Lua module: fontspec 2022/01/15 2.8a Font selection for XeLaTeX and LuaLaTeX (/root/.TinyTeX/texmf-dist/tex/latex/fontspec/fontspec-luatex.sty
Package: fontspec-luatex 2022/01/15 v2.8a Font selection for XeLaTeX and LuaLaTeX
\l__fontspec_script_int=\count198
\l__fontspec_language_int=\count199
\l__fontspec_strnum_int=\count266
\l__fontspec_tmp_int=\count267
\l__fontspec_tmpa_int=\count268
\l__fontspec_tmpb_int=\count269
\l__fontspec_tmpc_int=\count270
\l__fontspec_em_int=\count271
\l__fontspec_emdef_int=\count272
\l__fontspec_strong_int=\count273
\l__fontspec_strongdef_int=\count274
\l__fontspec_tmpa_dim=\dimen140
\l__fontspec_tmpb_dim=\dimen141
\l__fontspec_tmpc_dim=\dimen142
 (/root/.TinyTeX/texmf-dist/tex/latex/base/fontenc.sty
Package: fontenc 2021/04/29 v2.0v Standard LaTeX package
) (/root/.TinyTeX/texmf-dist/tex/latex/fontspec/fontspec.cfg)))

Package fontspec Info: Font family 'Raleway(0)' created for font 'Raleway'
(fontspec)             with options [Ligatures = TeX,Numbers = Lining,Scale =
(fontspec)             1,Extension = .otf,Ligatures=TeX,UprightFont =
(fontspec)             *-Regular,ItalicFont = *-Regular-Italic,BoldFont =
(fontspec)             *-Bold,BoldItalicFont = *-Bold-Italic].
(fontspec)              
(fontspec)              This font family consists of the following NFSS
(fontspec)             series/shapes:
(fontspec)              
(fontspec)             - 'normal' (m/n) with NFSS spec.:
(fontspec)             <->s*[1]"[Raleway-Regular.otf]:mode=node;script=latn;language=dflt;+lnum;+tlig;"
(fontspec)             - 'small caps'  (m/sc) with NFSS spec.:
(fontspec)             <->s*[1]"[Raleway-Regular.otf]:mode=node;script=latn;language=dflt;+lnum;+tlig;+smcp;"
(fontspec)             - 'bold' (b/n) with NFSS spec.:
(fontspec)             <->s*[1]"[Raleway-Bold.otf]:mode=node;script=latn;language=dflt;+lnum;+tlig;"
(fontspec)             - 'bold small caps'  (b/sc) with NFSS spec.:
(fontspec)             <->s*[1]"[Raleway-Bold.otf]:mode=node;script=latn;language=dflt;+lnum;+tlig;+smcp;"
(fontspec)             - 'italic' (m/it) with NFSS spec.:
(fontspec)             <->s*[1]"[Raleway-Regular-Italic.otf]:mode=node;script=latn;language=dflt;+lnum;+tlig;"
(fontspec)             - 'italic small caps'  (m/scit) with NFSS spec.:
(fontspec)             <->s*[1]"[Raleway-Regular-Italic.otf]:mode=node;script=latn;language=dflt;+lnum;+tlig;+smcp;"
(fontspec)             - 'bold italic' (b/it) with NFSS spec.:
(fontspec)             <->s*[1]"[Raleway-Bold-Italic.otf]:mode=node;script=latn;language=dflt;+lnum;+tlig;"
(fontspec)             - 'bold italic small caps'  (b/scit) with NFSS spec.:
(fontspec)             <->s*[1]"[Raleway-Bold-Italic.otf]:mode=node;script=latn;language=dflt;+lnum;+tlig;+smcp;"


Package fontspec Info: Font family 'Raleway(1)' created for font 'Raleway'
(fontspec)             with options [Ligatures = TeX,Numbers = Lining,Scale =
(fontspec)             1,Extension = .otf,UprightFont = *-Regular,ItalicFont =
(fontspec)             *-Regular-Italic,BoldFont = *-Bold,BoldItalicFont =
(fontspec)             *-Bold-Italic].
(fontspec)              
(fontspec)              This font family consists of the following NFSS
(fontspec)             series/shapes:
(fontspec)              
(fontspec)             - 'normal' (m/n) with NFSS spec.:
(fontspec)             <->s*[1]"[Raleway-Regular.otf]:mode=node;script=latn;language=dflt;+tlig;+lnum;"
(fontspec)             - 'small caps'  (m/sc) with NFSS spec.:
(fontspec)             <->s*[1]"[Raleway-Regular.otf]:mode=node;script=latn;language=dflt;+tlig;+lnum;+smcp;"
(fontspec)             - 'bold' (b/n) with NFSS spec.:
(fontspec)             <->s*[1]"[Raleway-Bold.otf]:mode=node;script=latn;language=dflt;+tlig;+lnum;"
(fontspec)             - 'bold small caps'  (b/sc) with NFSS spec.:
(fontspec)             <->s*[1]"[Raleway-Bold.otf]:mode=node;script=latn;language=dflt;+tlig;+lnum;+smcp;"
(fontspec)             - 'italic' (m/it) with NFSS spec.:
(fontspec)             <->s*[1]"[Raleway-Regular-Italic.otf]:mode=node;script=latn;language=dflt;+tlig;+lnum;"
(fontspec)             - 'italic small caps'  (m/scit) with NFSS spec.:
(fontspec)             <->s*[1]"[Raleway-Regular-Italic.otf]:mode=node;script=latn;language=dflt;+tlig;+lnum;+smcp;"
(fontspec)             - 'bold italic' (b/it) with NFSS spec.:
(fontspec)             <->s*[1]"[Raleway-Bold-Italic.otf]:mode=node;script=latn;language=dflt;+tlig;+lnum;"
(fontspec)             - 'bold italic small caps'  (b/scit) with NFSS spec.:
(fontspec)             <->s*[1]"[Raleway-Bold-Italic.otf]:mode=node;script=latn;language=dflt;+tlig;+lnum;+smcp;"


Package fontspec Info: Font family 'Raleway(2)' created for font 'Raleway'
(fontspec)             with options [Ligatures = TeX,Numbers = Lining,Scale =
(fontspec)             1,Extension = .otf,UprightFont = *-Medium,ItalicFont =
(fontspec)             *-Medium-Italic,BoldFont = *-Bold,BoldItalicFont =
(fontspec)             *-Bold-Italic].
(fontspec)              
(fontspec)              This font family consists of the following NFSS
(fontspec)             series/shapes:
(fontspec)              
(fontspec)             - 'normal' (m/n) with NFSS spec.:
(fontspec)             <->s*[1]"[Raleway-Medium.otf]:mode=node;script=latn;language=dflt;+tlig;+lnum;"
(fontspec)             - 'small caps'  (m/sc) with NFSS spec.:
(fontspec)             <->s*[1]"[Raleway-Medium.otf]:mode=node;script=latn;language=dflt;+tlig;+lnum;+smcp;"
(fontspec)             - 'bold' (b/n) with NFSS spec.:
(fontspec)             <->s*[1]"[Raleway-Bold.otf]:mode=node;script=latn;language=dflt;+tlig;+lnum;"
(fontspec)             - 'bold small caps'  (b/sc) with NFSS spec.:
(fontspec)             <->s*[1]"[Raleway-Bold.otf]:mode=node;script=latn;language=dflt;+tlig;+lnum;+smcp;"
(fontspec)             - 'italic' (m/it) with NFSS spec.:
(fontspec)             <->s*[1]"[Raleway-Medium-Italic.otf]:mode=node;script=latn;language=dflt;+tlig;+lnum;"
(fontspec)             - 'italic small caps'  (m/scit) with NFSS spec.:
(fontspec)             <->s*[1]"[Raleway-Medium-Italic.otf]:mode=node;script=latn;language=dflt;+tlig;+lnum;+smcp;"
(fontspec)             - 'bold italic' (b/it) with NFSS spec.:
(fontspec)             <->s*[1]"[Raleway-Bold-Italic.otf]:mode=node;script=latn;language=dflt;+tlig;+lnum;"
(fontspec)             - 'bold italic small caps'  (b/scit) with NFSS spec.:
(fontspec)             <->s*[1]"[Raleway-Bold-Italic.otf]:mode=node;script=latn;language=dflt;+tlig;+lnum;+smcp;"


Package fontspec Info: Font family 'Raleway(3)' created for font 'Raleway'
(fontspec)             with options [Ligatures = TeX,Numbers = Lining,Scale =
(fontspec)             1,Extension = .otf,UprightFont = *-Light,ItalicFont =
(fontspec)             *-Light-Italic,BoldFont = *-SemiBold,BoldItalicFont =
(fontspec)             *-SemiBold-Italic].
(fontspec)              
(fontspec)              This font family consists of the following NFSS
(fontspec)             series/shapes:
(fontspec)              
(fontspec)             - 'normal' (m/n) with NFSS spec.:
(fontspec)             <->s*[1]"[Raleway-Light.otf]:mode=node;script=latn;language=dflt;+tlig;+lnum;"
(fontspec)             - 'small caps'  (m/sc) with NFSS spec.:
(fontspec)             <->s*[1]"[Raleway-Light.otf]:mode=node;script=latn;language=dflt;+tlig;+lnum;+smcp;"
(fontspec)             - 'bold' (b/n) with NFSS spec.:
(fontspec)             <->s*[1]"[Raleway-SemiBold.otf]:mode=node;script=latn;language=dflt;+tlig;+lnum;"
(fontspec)             - 'bold small caps'  (b/sc) with NFSS spec.:
(fontspec)             <->s*[1]"[Raleway-SemiBold.otf]:mode=node;script=latn;language=dflt;+tlig;+lnum;+smcp;"
(fontspec)             - 'italic' (m/it) with NFSS spec.:
(fontspec)             <->s*[1]"[Raleway-Light-Italic.otf]:mode=node;script=latn;language=dflt;+tlig;+lnum;"
(fontspec)             - 'italic small caps'  (m/scit) with NFSS spec.:
(fontspec)             <->s*[1]"[Raleway-Light-Italic.otf]:mode=node;script=latn;language=dflt;+tlig;+lnum;+smcp;"
(fontspec)             - 'bold italic' (b/it) with NFSS spec.:
(fontspec)             <->s*[1]"[Raleway-SemiBold-Italic.otf]:mode=node;script=latn;language=dflt;+tlig;+lnum;"
(fontspec)             - 'bold italic small caps'  (b/scit) with NFSS spec.:
(fontspec)             <->s*[1]"[Raleway-SemiBold-Italic.otf]:mode=node;script=latn;language=dflt;+tlig;+lnum;+smcp;"


Package fontspec Info: Font family 'Raleway(4)' created for font 'Raleway'
(fontspec)             with options [Ligatures = TeX,Numbers = Lining,Scale =
(fontspec)             1,Extension = .otf,UprightFont = *-Thin,ItalicFont =
(fontspec)             *-Thin-Italic,BoldFont = *-Black,BoldItalicFont =
(fontspec)             *-Black-Italic].
(fontspec)              
(fontspec)              This font family consists of the following NFSS
(fontspec)             series/shapes:
(fontspec)              
(fontspec)             - 'normal' (m/n) with NFSS spec.:
(fontspec)             <->s*[1]"[Raleway-Thin.otf]:mode=node;script=latn;language=dflt;+tlig;+lnum;"
(fontspec)             - 'small caps'  (m/sc) with NFSS spec.:
(fontspec)             <->s*[1]"[Raleway-Thin.otf]:mode=node;script=latn;language=dflt;+tlig;+lnum;+smcp;"
(fontspec)             - 'bold' (b/n) with NFSS spec.:
(fontspec)             <->s*[1]"[Raleway-Black.otf]:mode=node;script=latn;language=dflt;+tlig;+lnum;"
(fontspec)             - 'bold small caps'  (b/sc) with NFSS spec.:
(fontspec)             <->s*[1]"[Raleway-Black.otf]:mode=node;script=latn;language=dflt;+tlig;+lnum;+smcp;"
(fontspec)             - 'italic' (m/it) with NFSS spec.:
(fontspec)             <->s*[1]"[Raleway-Thin-Italic.otf]:mode=node;script=latn;language=dflt;+tlig;+lnum;"
(fontspec)             - 'italic small caps'  (m/scit) with NFSS spec.:
(fontspec)             <->s*[1]"[Raleway-Thin-Italic.otf]:mode=node;script=latn;language=dflt;+tlig;+lnum;+smcp;"
(fontspec)             - 'bold italic' (b/it) with NFSS spec.:
(fontspec)             <->s*[1]"[Raleway-Black-Italic.otf]:mode=node;script=latn;language=dflt;+tlig;+lnum;"
(fontspec)             - 'bold italic small caps'  (b/scit) with NFSS spec.:
(fontspec)             <->s*[1]"[Raleway-Black-Italic.otf]:mode=node;script=latn;language=dflt;+tlig;+lnum;+smcp;"


Package fontspec Info: Font family 'Raleway(5)' created for font 'Raleway'
(fontspec)             with options [Ligatures = TeX,Numbers = Lining,Scale =
(fontspec)             1,Extension = .otf,UprightFont =
(fontspec)             *-ExtraLight,ItalicFont = *-ExtraLight-Italic,BoldFont
(fontspec)             = *-ExtraBold,BoldItalicFont = *-ExtraBold-Italic].
(fontspec)              
(fontspec)              This font family consists of the following NFSS
(fontspec)             series/shapes:
(fontspec)              
(fontspec)             - 'normal' (m/n) with NFSS spec.:
(fontspec)             <->s*[1]"[Raleway-ExtraLight.otf]:mode=node;script=latn;language=dflt;+tlig;+lnum;"
(fontspec)             - 'small caps'  (m/sc) with NFSS spec.:
(fontspec)             <->s*[1]"[Raleway-ExtraLight.otf]:mode=node;script=latn;language=dflt;+tlig;+lnum;+smcp;"
(fontspec)             - 'bold' (b/n) with NFSS spec.:
(fontspec)             <->s*[1]"[Raleway-ExtraBold.otf]:mode=node;script=latn;language=dflt;+tlig;+lnum;"
(fontspec)             - 'bold small caps'  (b/sc) with NFSS spec.:
(fontspec)             <->s*[1]"[Raleway-ExtraBold.otf]:mode=node;script=latn;language=dflt;+tlig;+lnum;+smcp;"
(fontspec)             - 'italic' (m/it) with NFSS spec.:
(fontspec)             <->s*[1]"[Raleway-ExtraLight-Italic.otf]:mode=node;script=latn;language=dflt;+tlig;+lnum;"
(fontspec)             - 'italic small caps'  (m/scit) with NFSS spec.:
(fontspec)             <->s*[1]"[Raleway-ExtraLight-Italic.otf]:mode=node;script=latn;language=dflt;+tlig;+lnum;+smcp;"
(fontspec)             - 'bold italic' (b/it) with NFSS spec.:
(fontspec)             <->s*[1]"[Raleway-ExtraBold-Italic.otf]:mode=node;script=latn;language=dflt;+tlig;+lnum;"
(fontspec)             - 'bold italic small caps'  (b/scit) with NFSS spec.:
(fontspec)             <->s*[1]"[Raleway-ExtraBold-Italic.otf]:mode=node;script=latn;language=dflt;+tlig;+lnum;+smcp;"

) (/root/.TinyTeX/texmf-dist/tex/latex/base/fontenc.sty
Package: fontenc 2021/04/29 v2.0v Standard LaTeX package
LaTeX Font Info:    Trying to load font information for T1+Raleway(0) on input line 112.
LaTeX Font Info:    No file T1Raleway(0).fd. on input line 112.


LaTeX Font Warning: Font shape `T1/Raleway(0)/m/n' undefined
(Font)              using `T1/cmr/m/n' instead on input line 112.

) (/root/.TinyTeX/texmf-dist/tex/latex/moresize/moresize.sty
Package: moresize 1999/07/26 v1.9 (more font sizes)
) (/root/.TinyTeX/texmf-dist/tex/latex/fontawesome/fontawesome.sty
Package: fontawesome 2016/05/15 v4.6.3.1 font awesome icons
 (/root/.TinyTeX/texmf-dist/tex/latex/fontawesome/fontawesomesymbols-generic.tex)
luaotfload | aux : font no 47 (nil) defines no feature for script latn
luaotfload | aux : font no 47 (nil) defines no feature for script dflt

Package fontspec Info: Could not resolve font "FontAwesome/BI" (it probably
(fontspec)             doesn't exist).


Package fontspec Info: Could not resolve font "FontAwesome/B" (it probably
(fontspec)             doesn't exist).


Package fontspec Info: Could not resolve font "FontAwesome/I" (it probably
(fontspec)             doesn't exist).


Package fontspec Info: Font family 'FontAwesome(0)' created for font
(fontspec)             'FontAwesome' with options [].
(fontspec)              
(fontspec)              This font family consists of the following NFSS
(fontspec)             series/shapes:
(fontspec)              
(fontspec)             - 'normal' (m/n) with NFSS spec.:
(fontspec)             <->"FontAwesome:mode=node;language=dflt;"
(fontspec)             - 'small caps'  (m/sc) with NFSS spec.: 

 (/root/.TinyTeX/texmf-dist/tex/latex/fontawesome/fontawesomesymbols-xeluatex.tex)) (/root/.TinyTeX/texmf-dist/tex/latex/paracol/paracol.sty
Package: paracol 2018/12/31 v1.35 
\pcol@currcol=\count275
\pcol@nextcol=\count276
\pcol@ncol=\count277
\pcol@ncolleft=\count278
\pcol@page=\count279
\pcol@basepage=\count280
\pcol@toppage=\count281
\pcol@footnotebase=\count282
\pcol@nfootnotes=\count283
\pcol@mcid=\count284
\pcol@prevdepth=\dimen143
\pcol@colht=\dimen144
\pcol@textfloatsep=\dimen145
\pcol@lrmargin=\dimen146
\pagerim=\dimen147
\pcol@topskip=\skip52
\belowfootnoteskip=\skip53
\pcol@topfnotes=\box51
\pcol@prespan=\box52
\pcol@rightpage=\box53
\pcol@colorstack@saved=\box54
\pcol@tempboxa=\box55
\pcol@tempboxb=\box56
\pcol@colorins=\insert252
\pcol@everyvbox=\toks20
) (/root/.TinyTeX/texmf-dist/tex/latex/geometry/geometry.sty
Package: geometry 2020/01/02 v5.9 Page Geometry
 (/root/.TinyTeX/texmf-dist/tex/generic/iftex/ifvtex.sty
Package: ifvtex 2019/10/25 v1.7 ifvtex legacy package. Use iftex instead.
)
\Gm@cnth=\count285
\Gm@cntv=\count286
\c@Gm@tempcnt=\count287
\Gm@bindingoffset=\dimen148
\Gm@wd@mp=\dimen149
\Gm@odd@mp=\dimen150
\Gm@even@mp=\dimen151
\Gm@layoutwidth=\dimen152
\Gm@layoutheight=\dimen153
\Gm@layouthoffset=\dimen154
\Gm@layoutvoffset=\dimen155
\Gm@dimlist=\toks21
) (/root/.TinyTeX/texmf-dist/tex/latex/fancyhdr/fancyhdr.sty
Package: fancyhdr 2022/05/18 v4.0.3 Extensive control of page headers and footers
\f@nch@headwidth=\skip54
\f@nch@O@elh=\skip55
\f@nch@O@erh=\skip56
\f@nch@O@olh=\skip57
\f@nch@O@orh=\skip58
\f@nch@O@elf=\skip59
\f@nch@O@erf=\skip60
\f@nch@O@olf=\skip61
\f@nch@O@orf=\skip62
) (/root/.TinyTeX/texmf-dist/tex/latex/tools/array.sty
Package: array 2021/10/04 v2.5f Tabular extension package (FMi)
\col@sep=\dimen156
\ar@mcellbox=\box57
\extrarowheight=\dimen157
\NC@list=\toks22
\extratabsurround=\skip63
\backup@length=\skip64
\ar@cellbox=\box58
) (/root/.TinyTeX/texmf-dist/tex/latex/graphics/graphicx.sty
Package: graphicx 2021/09/16 v1.2d Enhanced LaTeX Graphics (DPC,SPQR)
 (/root/.TinyTeX/texmf-dist/tex/latex/graphics/graphics.sty
Package: graphics 2021/03/04 v1.4d Standard LaTeX Graphics (DPC,SPQR)
 (/root/.TinyTeX/texmf-dist/tex/latex/graphics/trig.sty
Package: trig 2021/08/11 v1.11 sin cos tan (DPC)
) (/root/.TinyTeX/texmf-dist/tex/latex/graphics-cfg/graphics.cfg
File: graphics.cfg 2016/06/04 v1.11 sample graphics configuration
)
Package graphics Info: Driver file: luatex.def on input line 107.
 (/root/.TinyTeX/texmf-dist/tex/latex/graphics-def/luatex.def
File: luatex.def 2021/06/01 v1.2c Graphics/color driver for luatex
))
\Gin@req@height=\dimen158
\Gin@req@width=\dimen159
)

! LaTeX Error: File `tikz.sty' not found.

Type X to quit or <RETURN> to proceed,
or enter new name. (Default extension: sty)

Enter file name: 
! Emergency stop.
<read *> 
   
l.162 \usetikzlibrary
                   {shapes, backgrounds,mindmap, trees}
End of file on the terminal!



Here is how much of LuaTeX's memory you used:
 7354 strings out of 477736
 100000,662416 words of node,token memory allocated 405 words of node memory still in use:
   2 hlist, 1 rule, 1 dir, 3 kern, 1 glyph, 3 attribute, 54 glue_spec, 3 attribute_list, 1 write nodes
   avail lists: 2:15,3:2,4:1,5:1,7:2,9:3
 27901 multiletter control sequences out of 65536+600000
 48 fonts using 4166743 bytes
 87i,0n,112p,257b,243s stack positions out of 10000i,1000n,20000p,200000b,200000s
!  ==> Fatal error occurred, no output PDF file produced!
